<?xml version="1.0" encoding="UTF-8"?>
<!-- Generated by org.testng.reporters.JUnitXMLReporter -->
<testsuite ignored="0" hostname="DESKTOP-1GK70PM" failures="1" tests="2" name="ErrorValidationTest" time="13.612" errors="0" timestamp="2026-01-15T22:58:59 IST">
  <testcase classname="Framework.tests.ErrorValidations" name="errorloginErrorValidations" time="2.532">
    <skipped/>
  </testcase> <!-- errorloginErrorValidations -->
  <testcase classname="Framework.tests.ErrorValidations" name="errorloginErrorValidations" time="0.899">
    <failure type="java.lang.AssertionError" message="expected [Incorrect email or password.] but found [Incorrect emai or password.]">
      <![CDATA[java.lang.AssertionError: expected [Incorrect email or password.] but found [Incorrect emai or password.]
at Framework.tests.ErrorValidations.errorloginErrorValidations(ErrorValidations.java:16)
at java.base/java.util.ArrayList.forEach(ArrayList.java:1596)
at java.base/java.util.concurrent.FutureTask.run(FutureTask.java:317)
at java.base/java.util.concurrent.ThreadPoolExecutor.runWorker(ThreadPoolExecutor.java:1144)
at java.base/java.util.concurrent.ThreadPoolExecutor$Worker.run(ThreadPoolExecutor.java:642)
at java.base/java.lang.Thread.run(Thread.java:1583)
... Removed 21 stack frames]]>
    </failure>
  </testcase> <!-- errorloginErrorValidations -->
</testsuite> <!-- ErrorValidationTest -->
